{
  "stats": {
    "suites": 1,
    "tests": 1,
    "passes": 1,
    "pending": 0,
    "failures": 0,
    "start": "2017-10-31T18:24:46.238Z",
    "end": "2017-10-31T18:25:03.199Z",
    "duration": 16961,
    "testsRegistered": 1,
    "passPercent": 100,
    "pendingPercent": 0,
    "other": 0,
    "hasOther": false,
    "skipped": 0,
    "hasSkipped": false,
    "passPercentClass": "success",
    "pendingPercentClass": "danger"
  },
  "suites": {
    "title": "",
    "suites": [
      {
        "title": "Browse to Amazon.com and search for lamp shades",
        "suites": [],
        "tests": [
          {
            "title": "Should verify the price of the selected lamp shade matches the subtotal of the cart.",
            "fullTitle": "Browse to Amazon.com and search for lamp shades Should verify the price of the selected lamp shade matches the subtotal of the cart.",
            "timedOut": false,
            "duration": 10509,
            "state": "passed",
            "speed": "slow",
            "pass": true,
            "fail": false,
            "pending": false,
            "code": "// wait for the search box to be located\ndriver.wait(until.elementLocated(by.id('twotabsearchtextbox')), 10000)\n    .then((searchBox) => {\n        // enter 'lamp shades' into the search box\n        searchBox.sendKeys('lamp shades');\n    })\n    .then(() => {\n        // click the search button\n        driver.findElement(by.xpath('//*[@id=\"nav-search\"]/form/div[2]/div/input')).click();\n    })\n    .then(() => {\n        // select the third result\n        driver.wait(until.elementLocated(by.id('result_3')), 10000).click();\n    })\n    .then(() => {\n        // get the price of that item\n        return driver.wait(until.elementLocated(by.id('priceblock_ourprice')), 10000).getText();\n    })\n    .then((priceText) => {\n        // store the price\n        lampShadePrice = priceText;\n        // add that item to the cart\n        driver.findElement(by.id('add-to-cart-button')).click();\n    })\n    .then(() => {\n        // get the subtotal\n        return driver.wait(until.elementLocated(by.xpath('//*[@id=\"hlb-subcart\"]/div[1]/span/span[2]')), 10000).getText();\n    })\n    .then((subTotText) => {\n        // the should library asserts that the sub total amount is equal to the price of the lamp shade\n        should(subTotText).equal(lampShadePrice);\n        done();\n    })\n    .catch((err) => {\n        should(err).equal(null);\n        done();\n    });",
            "err": {},
            "isRoot": false,
            "uuid": "f1a3b7d9-abc8-43a7-8aae-9d4ebabe20a7",
            "parentUUID": "7b5fb660-a4d8-4509-8f0d-62d7e0615a42",
            "isHook": false,
            "skipped": false
          }
        ],
        "pending": [],
        "root": false,
        "_timeout": 15000,
        "file": "/lampShadeTest.js",
        "uuid": "7b5fb660-a4d8-4509-8f0d-62d7e0615a42",
        "beforeHooks": [
          {
            "title": "\"before all\" hook",
            "fullTitle": "Browse to Amazon.com and search for lamp shades \"before all\" hook",
            "timedOut": false,
            "duration": 4382,
            "pass": false,
            "fail": false,
            "pending": false,
            "code": "// go to amazon in a chrome window\ndriver.get(url).then(() => done());",
            "err": {},
            "isRoot": false,
            "uuid": "4e37c2ac-7645-4c5f-8bd0-827d4073c961",
            "parentUUID": "7b5fb660-a4d8-4509-8f0d-62d7e0615a42",
            "isHook": true,
            "skipped": false
          }
        ],
        "afterHooks": [
          {
            "title": "\"after all\" hook",
            "fullTitle": "Browse to Amazon.com and search for lamp shades \"after all\" hook",
            "timedOut": false,
            "duration": 2057,
            "pass": false,
            "fail": false,
            "pending": false,
            "code": "driver.sleep(2000);\nreturn driver.quit();",
            "err": {},
            "isRoot": false,
            "uuid": "ce6e85d2-9059-49bd-a2a2-b2e2355215f1",
            "parentUUID": "7b5fb660-a4d8-4509-8f0d-62d7e0615a42",
            "isHook": true,
            "skipped": false
          }
        ],
        "fullFile": "/Users/sminter/Development/amazon_lamp_shade_selenium/node_version/lampShadeTest.js",
        "passes": [
          {
            "title": "Should verify the price of the selected lamp shade matches the subtotal of the cart.",
            "fullTitle": "Browse to Amazon.com and search for lamp shades Should verify the price of the selected lamp shade matches the subtotal of the cart.",
            "timedOut": false,
            "duration": 10509,
            "state": "passed",
            "speed": "slow",
            "pass": true,
            "fail": false,
            "pending": false,
            "code": "// wait for the search box to be located\ndriver.wait(until.elementLocated(by.id('twotabsearchtextbox')), 10000)\n    .then((searchBox) => {\n        // enter 'lamp shades' into the search box\n        searchBox.sendKeys('lamp shades');\n    })\n    .then(() => {\n        // click the search button\n        driver.findElement(by.xpath('//*[@id=\"nav-search\"]/form/div[2]/div/input')).click();\n    })\n    .then(() => {\n        // select the third result\n        driver.wait(until.elementLocated(by.id('result_3')), 10000).click();\n    })\n    .then(() => {\n        // get the price of that item\n        return driver.wait(until.elementLocated(by.id('priceblock_ourprice')), 10000).getText();\n    })\n    .then((priceText) => {\n        // store the price\n        lampShadePrice = priceText;\n        // add that item to the cart\n        driver.findElement(by.id('add-to-cart-button')).click();\n    })\n    .then(() => {\n        // get the subtotal\n        return driver.wait(until.elementLocated(by.xpath('//*[@id=\"hlb-subcart\"]/div[1]/span/span[2]')), 10000).getText();\n    })\n    .then((subTotText) => {\n        // the should library asserts that the sub total amount is equal to the price of the lamp shade\n        should(subTotText).equal(lampShadePrice);\n        done();\n    })\n    .catch((err) => {\n        should(err).equal(null);\n        done();\n    });",
            "err": {},
            "isRoot": false,
            "uuid": "f1a3b7d9-abc8-43a7-8aae-9d4ebabe20a7",
            "parentUUID": "7b5fb660-a4d8-4509-8f0d-62d7e0615a42",
            "isHook": false,
            "skipped": false
          }
        ],
        "failures": [],
        "skipped": [],
        "hasBeforeHooks": true,
        "hasAfterHooks": true,
        "hasTests": true,
        "hasSuites": false,
        "totalTests": 1,
        "totalPasses": 1,
        "totalFailures": 0,
        "totalPending": 0,
        "totalSkipped": 0,
        "hasPasses": true,
        "hasFailures": false,
        "hasPending": false,
        "hasSkipped": false,
        "duration": 10509,
        "rootEmpty": false
      }
    ],
    "tests": [],
    "pending": [],
    "root": true,
    "_timeout": 2000,
    "uuid": "7d2a07cf-2319-4262-b044-3185c05a07d7",
    "beforeHooks": [],
    "afterHooks": [],
    "fullFile": "",
    "file": "",
    "passes": [],
    "failures": [],
    "skipped": [],
    "hasBeforeHooks": false,
    "hasAfterHooks": false,
    "hasTests": false,
    "hasSuites": true,
    "totalTests": 0,
    "totalPasses": 0,
    "totalFailures": 0,
    "totalPending": 0,
    "totalSkipped": 0,
    "hasPasses": false,
    "hasFailures": false,
    "hasPending": false,
    "hasSkipped": false,
    "duration": 0,
    "rootEmpty": true
  },
  "allTests": [
    {
      "title": "Should verify the price of the selected lamp shade matches the subtotal of the cart.",
      "fullTitle": "Browse to Amazon.com and search for lamp shades Should verify the price of the selected lamp shade matches the subtotal of the cart.",
      "timedOut": false,
      "duration": 10509,
      "state": "passed",
      "speed": "slow",
      "pass": true,
      "fail": false,
      "pending": false,
      "code": "// wait for the search box to be located\ndriver.wait(until.elementLocated(by.id('twotabsearchtextbox')), 10000)\n    .then((searchBox) => {\n        // enter 'lamp shades' into the search box\n        searchBox.sendKeys('lamp shades');\n    })\n    .then(() => {\n        // click the search button\n        driver.findElement(by.xpath('//*[@id=\"nav-search\"]/form/div[2]/div/input')).click();\n    })\n    .then(() => {\n        // select the third result\n        driver.wait(until.elementLocated(by.id('result_3')), 10000).click();\n    })\n    .then(() => {\n        // get the price of that item\n        return driver.wait(until.elementLocated(by.id('priceblock_ourprice')), 10000).getText();\n    })\n    .then((priceText) => {\n        // store the price\n        lampShadePrice = priceText;\n        // add that item to the cart\n        driver.findElement(by.id('add-to-cart-button')).click();\n    })\n    .then(() => {\n        // get the subtotal\n        return driver.wait(until.elementLocated(by.xpath('//*[@id=\"hlb-subcart\"]/div[1]/span/span[2]')), 10000).getText();\n    })\n    .then((subTotText) => {\n        // the should library asserts that the sub total amount is equal to the price of the lamp shade\n        should(subTotText).equal(lampShadePrice);\n        done();\n    })\n    .catch((err) => {\n        should(err).equal(null);\n        done();\n    });",
      "err": {},
      "isRoot": false,
      "uuid": "f1a3b7d9-abc8-43a7-8aae-9d4ebabe20a7",
      "parentUUID": "7b5fb660-a4d8-4509-8f0d-62d7e0615a42",
      "isHook": false,
      "skipped": false
    }
  ],
  "allPending": [],
  "allPasses": [
    {
      "title": "Should verify the price of the selected lamp shade matches the subtotal of the cart.",
      "fullTitle": "Browse to Amazon.com and search for lamp shades Should verify the price of the selected lamp shade matches the subtotal of the cart.",
      "timedOut": false,
      "duration": 10509,
      "state": "passed",
      "speed": "slow",
      "pass": true,
      "fail": false,
      "pending": false,
      "code": "// wait for the search box to be located\ndriver.wait(until.elementLocated(by.id('twotabsearchtextbox')), 10000)\n    .then((searchBox) => {\n        // enter 'lamp shades' into the search box\n        searchBox.sendKeys('lamp shades');\n    })\n    .then(() => {\n        // click the search button\n        driver.findElement(by.xpath('//*[@id=\"nav-search\"]/form/div[2]/div/input')).click();\n    })\n    .then(() => {\n        // select the third result\n        driver.wait(until.elementLocated(by.id('result_3')), 10000).click();\n    })\n    .then(() => {\n        // get the price of that item\n        return driver.wait(until.elementLocated(by.id('priceblock_ourprice')), 10000).getText();\n    })\n    .then((priceText) => {\n        // store the price\n        lampShadePrice = priceText;\n        // add that item to the cart\n        driver.findElement(by.id('add-to-cart-button')).click();\n    })\n    .then(() => {\n        // get the subtotal\n        return driver.wait(until.elementLocated(by.xpath('//*[@id=\"hlb-subcart\"]/div[1]/span/span[2]')), 10000).getText();\n    })\n    .then((subTotText) => {\n        // the should library asserts that the sub total amount is equal to the price of the lamp shade\n        should(subTotText).equal(lampShadePrice);\n        done();\n    })\n    .catch((err) => {\n        should(err).equal(null);\n        done();\n    });",
      "err": {},
      "isRoot": false,
      "uuid": "f1a3b7d9-abc8-43a7-8aae-9d4ebabe20a7",
      "parentUUID": "7b5fb660-a4d8-4509-8f0d-62d7e0615a42",
      "isHook": false,
      "skipped": false
    }
  ],
  "allFailures": [],
  "copyrightYear": 2017
}